2021-06-16 22:58:50,598:INFO:PyCaret Supervised Module
2021-06-16 22:58:50,598:INFO:ML Usecase: regression
2021-06-16 22:58:50,599:INFO:version 2.2.0
2021-06-16 22:58:50,599:INFO:Initializing setup()
2021-06-16 22:58:50,599:INFO:setup(target=valor_aluguel, ml_usecase=regression, available_plots={'parameter': 'Hyperparameters', 'residuals': 'Residuals', 'error': 'Prediction Error', 'cooks': 'Cooks Distance', 'rfe': 'Feature Selection', 'learning': 'Learning Curve', 'manifold': 'Manifold Learning', 'vc': 'Validation Curve', 'feature': 'Feature Importance', 'feature_all': 'Feature Importance (All)', 'tree': 'Decision Tree'}, train_size=0.7, test_data=None, preprocess=True, imputation_type=simple, iterative_imputation_iters=5, categorical_features=None, categorical_imputation=constant, categorical_iterative_imputer=lightgbm, ordinal_features=None, high_cardinality_features=None, high_cardinality_method=frequency, numeric_features=['num_quartos', 'num_banheiros', 'garagem', 'num_andares', 'aceita_animais', 'mobilia'], numeric_imputation=mean, numeric_iterative_imputer=lightgbm, date_features=None, ignore_features=None, normalize=False, normalize_method=zscore, transformation=False, transformation_method=yeo-johnson, handle_unknown_categorical=True, unknown_categorical_method=least_frequent, pca=False, pca_method=linear, pca_components=None, ignore_low_variance=False, combine_rare_levels=False, rare_level_threshold=0.1, bin_numeric_features=None, remove_outliers=False, outliers_threshold=0.05, remove_multicollinearity=False, multicollinearity_threshold=0.9, remove_perfect_collinearity=True, create_clusters=False, cluster_iter=20, polynomial_features=False, polynomial_degree=2, trigonometry_features=False, polynomial_threshold=0.1, group_features=None, group_names=None, feature_selection=False, feature_selection_threshold=0.8, feature_selection_method=classic, feature_interaction=False, feature_ratio=False, interaction_threshold=0.01, fix_imbalance=False, fix_imbalance_method=None, transform_target=False, transform_target_method=box-cox, data_split_shuffle=True, data_split_stratify=False, fold_strategy=kfold, fold=10, fold_shuffle=False, fold_groups=None, n_jobs=-1, use_gpu=False, custom_pipeline=None, html=True, session_id=None, log_experiment=True, experiment_name=exp-bootcamp, log_plots=False, log_profile=False, log_data=False, silent=False, verbose=True, profile=False, display=None)
2021-06-16 22:58:50,599:INFO:Checking environment
2021-06-16 22:58:50,599:INFO:python_version: 3.8.8
2021-06-16 22:58:50,599:INFO:python_build: ('default', 'Apr 13 2021 15:08:03')
2021-06-16 22:58:50,599:INFO:machine: AMD64
2021-06-16 22:58:50,599:INFO:platform: Windows-10-10.0.19041-SP0
2021-06-16 22:58:50,600:INFO:Memory: svmem(total=16299470848, available=8910495744, percent=45.3, used=7388975104, free=8910495744)
2021-06-16 22:58:50,600:INFO:Physical Core: 4
2021-06-16 22:58:50,600:INFO:Logical Core: 8
2021-06-16 22:58:50,600:INFO:Checking libraries
2021-06-16 22:58:50,600:INFO:pd==1.2.4
2021-06-16 22:58:50,600:INFO:numpy==1.19.5
2021-06-16 22:58:50,600:INFO:sklearn==0.24.1
2021-06-16 22:58:50,634:INFO:xgboost==1.4.2
2021-06-16 22:58:50,634:INFO:lightgbm==3.2.1
2021-06-16 22:58:51,982:INFO:catboost==0.26
2021-06-16 22:58:52,571:INFO:mlflow==1.17.0
2021-06-16 22:58:52,572:INFO:Checking Exceptions
2021-06-16 22:58:52,572:INFO:Declaring global variables
2021-06-16 22:58:52,572:INFO:USI: eb4a
2021-06-16 22:58:52,572:INFO:pycaret_globals: {'html_param', 'seed', '_gpu_n_jobs_param', 'y_test', 'fix_imbalance_method_param', 'fold_groups_param', 'pycaret_globals', 'X', 'stratify_param', 'logging_param', 'display_container', 'transform_target_param', 'master_model_container', '_available_plots', 'create_model_container', 'data_before_preprocess', 'imputation_classifier', '_internal_pipeline', 'n_jobs_param', 'fold_shuffle_param', 'iterative_imputation_iters_param', 'exp_name_log', 'experiment__', 'y', '_all_models_internal', 'fold_param', 'prep_pipe', '_ml_usecase', '_all_metrics', 'fix_imbalance_param', '_all_models', 'X_test', 'y_train', 'target_param', 'imputation_regressor', 'USI', 'transform_target_method_param', 'gpu_param', 'fold_generator', 'log_plots_param', 'X_train'}
2021-06-16 22:58:52,572:INFO:Preparing display monitor
2021-06-16 22:58:52,572:INFO:Preparing display monitor
2021-06-16 22:58:52,582:INFO:Importing libraries
2021-06-16 22:58:52,582:INFO:Copying data for preprocessing
2021-06-16 22:58:52,587:INFO:Declaring preprocessing parameters
2021-06-16 22:58:52,589:INFO:Creating preprocessing pipeline
2021-06-16 22:58:52,598:INFO:Preprocessing pipeline created successfully
2021-06-16 22:58:52,598:ERROR:(Process Exit): setup has been interupted with user command 'quit'. setup must rerun.
2021-06-16 22:58:52,598:INFO:Creating global containers
2021-06-17 11:06:33,085:INFO:PyCaret Supervised Module
2021-06-17 11:06:33,086:INFO:ML Usecase: regression
2021-06-17 11:06:33,086:INFO:version 2.2.0
2021-06-17 11:06:33,086:INFO:Initializing setup()
2021-06-17 11:06:33,086:INFO:setup(target=valor_aluguel, ml_usecase=regression, available_plots={'parameter': 'Hyperparameters', 'residuals': 'Residuals', 'error': 'Prediction Error', 'cooks': 'Cooks Distance', 'rfe': 'Feature Selection', 'learning': 'Learning Curve', 'manifold': 'Manifold Learning', 'vc': 'Validation Curve', 'feature': 'Feature Importance', 'feature_all': 'Feature Importance (All)', 'tree': 'Decision Tree'}, train_size=0.7, test_data=None, preprocess=True, imputation_type=simple, iterative_imputation_iters=5, categorical_features=None, categorical_imputation=constant, categorical_iterative_imputer=lightgbm, ordinal_features=None, high_cardinality_features=None, high_cardinality_method=frequency, numeric_features=['num_quartos', 'num_banheiros', 'garagem', 'num_andares', 'aceita_animais', 'mobilia'], numeric_imputation=mean, numeric_iterative_imputer=lightgbm, date_features=None, ignore_features=None, normalize=False, normalize_method=zscore, transformation=False, transformation_method=yeo-johnson, handle_unknown_categorical=True, unknown_categorical_method=least_frequent, pca=False, pca_method=linear, pca_components=None, ignore_low_variance=False, combine_rare_levels=False, rare_level_threshold=0.1, bin_numeric_features=None, remove_outliers=False, outliers_threshold=0.05, remove_multicollinearity=False, multicollinearity_threshold=0.9, remove_perfect_collinearity=True, create_clusters=False, cluster_iter=20, polynomial_features=False, polynomial_degree=2, trigonometry_features=False, polynomial_threshold=0.1, group_features=None, group_names=None, feature_selection=False, feature_selection_threshold=0.8, feature_selection_method=classic, feature_interaction=False, feature_ratio=False, interaction_threshold=0.01, fix_imbalance=False, fix_imbalance_method=None, transform_target=False, transform_target_method=box-cox, data_split_shuffle=True, data_split_stratify=False, fold_strategy=kfold, fold=10, fold_shuffle=False, fold_groups=None, n_jobs=-1, use_gpu=False, custom_pipeline=None, html=True, session_id=None, log_experiment=True, experiment_name=exp-bootcamp, log_plots=False, log_profile=False, log_data=False, silent=False, verbose=True, profile=False, display=None)
2021-06-17 11:06:33,086:INFO:Checking environment
2021-06-17 11:06:33,086:INFO:python_version: 3.8.8
2021-06-17 11:06:33,086:INFO:python_build: ('default', 'Apr 13 2021 15:08:03')
2021-06-17 11:06:33,086:INFO:machine: AMD64
2021-06-17 11:06:33,087:INFO:platform: Windows-10-10.0.19041-SP0
2021-06-17 11:06:33,087:INFO:Memory: svmem(total=16299470848, available=11212029952, percent=31.2, used=5087440896, free=11212029952)
2021-06-17 11:06:33,087:INFO:Physical Core: 4
2021-06-17 11:06:33,087:INFO:Logical Core: 8
2021-06-17 11:06:33,087:INFO:Checking libraries
2021-06-17 11:06:33,087:INFO:pd==1.2.4
2021-06-17 11:06:33,087:INFO:numpy==1.19.5
2021-06-17 11:06:33,087:INFO:sklearn==0.24.1
2021-06-17 11:06:33,137:INFO:xgboost==1.4.2
2021-06-17 11:06:33,138:INFO:lightgbm==3.2.1
2021-06-17 11:06:33,236:INFO:catboost==0.26
2021-06-17 11:06:33,868:INFO:mlflow==1.17.0
2021-06-17 11:06:33,868:INFO:Checking Exceptions
2021-06-17 11:06:33,868:INFO:Declaring global variables
2021-06-17 11:06:33,868:INFO:USI: 31ce
2021-06-17 11:06:33,868:INFO:pycaret_globals: {'_all_metrics', 'fold_groups_param', 'n_jobs_param', 'data_before_preprocess', 'transform_target_param', 'exp_name_log', 'X_test', 'X_train', 'fix_imbalance_method_param', 'create_model_container', 'pycaret_globals', 'fold_generator', 'display_container', '_all_models_internal', '_all_models', 'y_test', 'stratify_param', 'target_param', '_gpu_n_jobs_param', '_internal_pipeline', 'y', '_available_plots', 'gpu_param', '_ml_usecase', 'y_train', 'prep_pipe', 'X', 'experiment__', 'logging_param', 'transform_target_method_param', 'USI', 'imputation_regressor', 'iterative_imputation_iters_param', 'seed', 'html_param', 'log_plots_param', 'fold_shuffle_param', 'imputation_classifier', 'fix_imbalance_param', 'master_model_container', 'fold_param'}
2021-06-17 11:06:33,868:INFO:Preparing display monitor
2021-06-17 11:06:33,868:INFO:Preparing display monitor
2021-06-17 11:06:33,878:INFO:Importing libraries
2021-06-17 11:06:33,879:INFO:Copying data for preprocessing
2021-06-17 11:06:33,885:INFO:Declaring preprocessing parameters
2021-06-17 11:06:33,887:INFO:Creating preprocessing pipeline
2021-06-17 11:06:33,897:INFO:Preprocessing pipeline created successfully
2021-06-17 11:06:33,897:ERROR:(Process Exit): setup has been interupted with user command 'quit'. setup must rerun.
2021-06-17 11:06:33,897:INFO:Creating global containers
2021-06-17 11:08:36,508:INFO:PyCaret Supervised Module
2021-06-17 11:08:36,508:INFO:ML Usecase: regression
2021-06-17 11:08:36,508:INFO:version 2.2.0
2021-06-17 11:08:36,508:INFO:Initializing setup()
2021-06-17 11:08:36,508:INFO:setup(target=valor_aluguel, ml_usecase=regression, available_plots={'parameter': 'Hyperparameters', 'residuals': 'Residuals', 'error': 'Prediction Error', 'cooks': 'Cooks Distance', 'rfe': 'Feature Selection', 'learning': 'Learning Curve', 'manifold': 'Manifold Learning', 'vc': 'Validation Curve', 'feature': 'Feature Importance', 'feature_all': 'Feature Importance (All)', 'tree': 'Decision Tree'}, train_size=0.7, test_data=None, preprocess=True, imputation_type=simple, iterative_imputation_iters=5, categorical_features=None, categorical_imputation=constant, categorical_iterative_imputer=lightgbm, ordinal_features=None, high_cardinality_features=None, high_cardinality_method=frequency, numeric_features=['num_quartos', 'num_banheiros', 'garagem', 'num_andares', 'aceita_animais', 'mobilia'], numeric_imputation=mean, numeric_iterative_imputer=lightgbm, date_features=None, ignore_features=None, normalize=False, normalize_method=zscore, transformation=False, transformation_method=yeo-johnson, handle_unknown_categorical=True, unknown_categorical_method=least_frequent, pca=False, pca_method=linear, pca_components=None, ignore_low_variance=False, combine_rare_levels=False, rare_level_threshold=0.1, bin_numeric_features=None, remove_outliers=False, outliers_threshold=0.05, remove_multicollinearity=False, multicollinearity_threshold=0.9, remove_perfect_collinearity=True, create_clusters=False, cluster_iter=20, polynomial_features=False, polynomial_degree=2, trigonometry_features=False, polynomial_threshold=0.1, group_features=None, group_names=None, feature_selection=False, feature_selection_threshold=0.8, feature_selection_method=classic, feature_interaction=False, feature_ratio=False, interaction_threshold=0.01, fix_imbalance=False, fix_imbalance_method=None, transform_target=False, transform_target_method=box-cox, data_split_shuffle=True, data_split_stratify=False, fold_strategy=kfold, fold=10, fold_shuffle=False, fold_groups=None, n_jobs=-1, use_gpu=False, custom_pipeline=None, html=True, session_id=None, log_experiment=True, experiment_name=exp-bootcamp, log_plots=False, log_profile=False, log_data=False, silent=False, verbose=True, profile=False, display=None)
2021-06-17 11:08:36,508:INFO:Checking environment
2021-06-17 11:08:36,509:INFO:python_version: 3.8.8
2021-06-17 11:08:36,509:INFO:python_build: ('default', 'Apr 13 2021 15:08:03')
2021-06-17 11:08:36,509:INFO:machine: AMD64
2021-06-17 11:08:36,509:INFO:platform: Windows-10-10.0.19041-SP0
2021-06-17 11:08:36,509:INFO:Memory: svmem(total=16299470848, available=11152687104, percent=31.6, used=5146783744, free=11152687104)
2021-06-17 11:08:36,509:INFO:Physical Core: 4
2021-06-17 11:08:36,509:INFO:Logical Core: 8
2021-06-17 11:08:36,509:INFO:Checking libraries
2021-06-17 11:08:36,509:INFO:pd==1.2.4
2021-06-17 11:08:36,509:INFO:numpy==1.19.5
2021-06-17 11:08:36,509:INFO:sklearn==0.24.1
2021-06-17 11:08:36,509:INFO:xgboost==1.4.2
2021-06-17 11:08:36,509:INFO:lightgbm==3.2.1
2021-06-17 11:08:36,510:INFO:catboost==0.26
2021-06-17 11:08:36,510:INFO:mlflow==1.17.0
2021-06-17 11:08:36,510:INFO:Checking Exceptions
2021-06-17 11:08:36,510:INFO:Declaring global variables
2021-06-17 11:08:36,510:INFO:USI: cc86
2021-06-17 11:08:36,510:INFO:pycaret_globals: {'_all_metrics', 'fold_groups_param', 'n_jobs_param', 'data_before_preprocess', 'transform_target_param', 'exp_name_log', 'X_test', 'X_train', 'fix_imbalance_method_param', 'create_model_container', 'pycaret_globals', 'fold_generator', 'display_container', '_all_models_internal', '_all_models', 'y_test', 'stratify_param', 'target_param', '_gpu_n_jobs_param', '_internal_pipeline', 'y', '_available_plots', 'gpu_param', '_ml_usecase', 'y_train', 'prep_pipe', 'X', 'experiment__', 'logging_param', 'transform_target_method_param', 'USI', 'imputation_regressor', 'iterative_imputation_iters_param', 'seed', 'html_param', 'log_plots_param', 'fold_shuffle_param', 'imputation_classifier', 'fix_imbalance_param', 'master_model_container', 'fold_param'}
2021-06-17 11:08:36,510:INFO:Preparing display monitor
2021-06-17 11:08:36,510:INFO:Preparing display monitor
2021-06-17 11:08:36,520:INFO:Importing libraries
2021-06-17 11:08:36,520:INFO:Copying data for preprocessing
2021-06-17 11:08:36,527:INFO:Declaring preprocessing parameters
2021-06-17 11:08:36,529:INFO:Creating preprocessing pipeline
2021-06-17 11:08:36,538:INFO:Preprocessing pipeline created successfully
2021-06-17 11:08:36,538:ERROR:(Process Exit): setup has been interupted with user command 'quit'. setup must rerun.
2021-06-17 11:08:36,538:INFO:Creating global containers
2021-06-17 11:08:45,972:INFO:Initializing compare_models()
2021-06-17 11:08:45,972:INFO:compare_models(include=None, fold=5, round=4, cross_validation=True, sort=R2, n_select=1, budget_time=None, turbo=True, errors=ignore, fit_kwargs=None, groups=None, verbose=True, display=None, exclude=None)
2021-06-17 11:08:45,973:INFO:Checking exceptions
2021-06-17 11:08:50,164:INFO:gpu_param set to False
2021-06-17 11:08:52,045:INFO:Initializing create_model()
2021-06-17 11:08:52,045:INFO:create_model(estimator=et, fold=5, round=4, cross_validation=True, predict=True, fit_kwargs=None, groups=None, refit=True, verbose=True, system=True, metrics=None, display=None, kwargs={})
2021-06-17 11:08:52,045:INFO:Checking exceptions
